PebblePickup-StrapKit/platforms/android-wear/PebblePickup-StrapKit/mobile/manifest-merger-release-report.txt
-- Merging decision tree log ---
manifest
ADDED from AndroidManifest.xml:1:1
	package
		ADDED from AndroidManifest.xml:2:5
		INJECTED from AndroidManifest.xml:0:0
		INJECTED from AndroidManifest.xml:0:0
	android:versionName
		INJECTED from AndroidManifest.xml:0:0
		INJECTED from AndroidManifest.xml:0:0
	xmlns:android
		ADDED from AndroidManifest.xml:1:11
	android:versionCode
		INJECTED from AndroidManifest.xml:0:0
		INJECTED from AndroidManifest.xml:0:0
uses-permission#android.permission.INTERNET
ADDED from AndroidManifest.xml:4:5
MERGED from :strapkit_lib-mobile::12:5
	android:name
		ADDED from AndroidManifest.xml:4:22
uses-permission#android.permission.BROADCAST_STICKY
ADDED from AndroidManifest.xml:6:5
MERGED from :strapkit_lib-mobile::11:5
	android:name
		ADDED from AndroidManifest.xml:6:22
uses-permission#android.permission.RECEIVE_BOOT_COMPLETED
ADDED from AndroidManifest.xml:7:5
	android:name
		ADDED from AndroidManifest.xml:7:22
application
ADDED from AndroidManifest.xml:9:5
MERGED from com.android.support:appcompat-v7:21.0.3:16:5
MERGED from com.android.support:support-v4:21.0.3:16:5
MERGED from com.google.android.gms:play-services:6.5.87:20:5
MERGED from com.android.support:support-v4:21.0.3:16:5
MERGED from :strapkit_lib-mobile::14:5
MERGED from :strapmetrics-mobile::11:5
MERGED from AndroidManifest.xml:4:5
	android:label
		ADDED from AndroidManifest.xml:9:45
	android:allowBackup
		ADDED from AndroidManifest.xml:9:18
	android:icon
		ADDED from AndroidManifest.xml:10:9
	android:theme
		ADDED from AndroidManifest.xml:10:46
activity#com.pebblepickup.strapkit.BaseActivity
ADDED from AndroidManifest.xml:12:9
	android:label
		ADDED from AndroidManifest.xml:14:13
	android:name
		ADDED from AndroidManifest.xml:13:13
intent-filter#android.intent.action.MAIN+android.intent.category.LAUNCHER
ADDED from AndroidManifest.xml:15:13
action#android.intent.action.MAIN
ADDED from AndroidManifest.xml:16:17
	android:name
		ADDED from AndroidManifest.xml:16:25
category#android.intent.category.LAUNCHER
ADDED from AndroidManifest.xml:18:17
	android:name
		ADDED from AndroidManifest.xml:18:27
uses-sdk
INJECTED from AndroidManifest.xml:0:0 reason: use-sdk injection requested
MERGED from com.android.support:appcompat-v7:21.0.3:15:5
MERGED from com.android.support:support-v4:21.0.3:15:5
MERGED from com.google.android.gms:play-services:6.5.87:18:5
MERGED from com.android.support:support-v4:21.0.3:15:5
MERGED from :strapkit_lib-mobile::7:5
MERGED from :strapmetrics-mobile::7:5
MERGED from AndroidManifest.xml:3:13
	android:targetSdkVersion
		INJECTED from AndroidManifest.xml:0:0
		INJECTED from AndroidManifest.xml:0:0
	android:minSdkVersion
		INJECTED from AndroidManifest.xml:0:0
		INJECTED from AndroidManifest.xml:0:0
meta-data#com.google.android.gms.version
ADDED from com.google.android.gms:play-services:6.5.87:21:9
	android:value
		ADDED from com.google.android.gms:play-services:6.5.87:23:13
	android:name
		ADDED from com.google.android.gms:play-services:6.5.87:22:13
service#com.straphq.strapkit.strapkit_lib.messaging.StrapKitMessageService
ADDED from :strapkit_lib-mobile::18:9
	android:enabled
		ADDED from :strapkit_lib-mobile::20:13
	android:exported
		ADDED from :strapkit_lib-mobile::21:13
	android:name
		ADDED from :strapkit_lib-mobile::19:13
receiver#com.straphq.strapkit.strapkit_lib.messaging.OnBootReceiver
ADDED from :strapkit_lib-mobile::24:9
	android:enabled
		ADDED from :strapkit_lib-mobile::26:13
	android:exported
		ADDED from :strapkit_lib-mobile::27:13
	android:name
		ADDED from :strapkit_lib-mobile::25:13
intent-filter#android.intent.action.BOOT_COMPLETED
ADDED from :strapkit_lib-mobile::28:13
action#android.intent.action.BOOT_COMPLETED
ADDED from :strapkit_lib-mobile::29:17
	android:name
		ADDED from :strapkit_lib-mobile::29:25
meta-data#com.google.android.wearable.beta.app
ADDED from AndroidManifest.xml:5:9
	android:resource
		ADDED from AndroidManifest.xml:6:20
	android:name
		ADDED from AndroidManifest.xml:5:20